[debug] [2025-11-11T10:11:07.703Z] ----------------------------------------------------------------------
[debug] [2025-11-11T10:11:07.704Z] Command:       /usr/local/bin/node /Users/martinivanov/Desktop/Cursor Projects/MacromindedNET/macromindedready/node_modules/.bin/firebase init
[debug] [2025-11-11T10:11:07.704Z] CLI Version:   14.24.2
[debug] [2025-11-11T10:11:07.704Z] Platform:      darwin
[debug] [2025-11-11T10:11:07.704Z] Node Version:  v24.11.0
[debug] [2025-11-11T10:11:07.704Z] Time:          Tue Nov 11 2025 12:11:07 GMT+0200 (Eastern European Standard Time)
[debug] [2025-11-11T10:11:07.704Z] ----------------------------------------------------------------------
[debug] 
[info] 
     ######## #### ########  ######## ########     ###     ######  ########
     ##        ##  ##     ## ##       ##     ##  ##   ##  ##       ##
     ######    ##  ########  ######   ########  #########  ######  ######
     ##        ##  ##    ##  ##       ##     ## ##     ##       ## ##
     ##       #### ##     ## ######## ########  ##     ##  ######  ########

You're about to initialize a Firebase project in this directory:

  /Users/martinivanov/Desktop/Cursor Projects/MacromindedNET/macromindedready

[debug] [2025-11-11T10:12:51.511Z] ExitPromptError: User force closed the prompt with SIGINT
    at Interface.sigint (/Users/martinivanov/Desktop/Cursor Projects/MacromindedNET/macromindedready/node_modules/@inquirer/core/dist/commonjs/lib/create-prompt.js:101:37)
    at Interface.emit (node:events:508:28)
    at Interface.emit (node:domain:489:12)
    at [_ttyWrite] [as _ttyWrite] (node:internal/readline/interface:1317:18)
    at ReadStream.onkeypress (node:internal/readline/interface:284:20)
    at ReadStream.emit (node:events:520:35)
    at ReadStream.emit (node:domain:489:12)
    at emitKeys (node:internal/readline/utils:371:14)
    at emitKeys.next (<anonymous>)
    at ReadStream.onData (node:internal/readline/emitKeypressEvents:64:36)
[error] 
[error] Error: An unexpected error has occurred.
